(node:11) NOTE: The AWS SDK for JavaScript (v2) will be put into maintenance mode in 2023.

Please migrate your code to use AWS SDK for JavaScript (v3).
For more information, check the migration guide at https://a.co/7PzMCcy
	1: [ERR] Files with such naming scheme are not part of BIDS specification. This error is most commonly caused by typos in file names that make them not BIDS compatible. Please consult the specification and make sure your files are named correctly. If this is not a file naming issue (for example when including files not yet covered by the BIDS specification) you should include a ".bidsignore" file in your dataset (see https://github.com/bids-standard/bids-validator#bidsignore for details). Please note that derived (processed) data should be placed in /derivatives folder and source data (such as DICOMS or behavioural logs in proprietary formats) should be placed in the /sourcedata folder. (code: 1 - NOT_INCLUDED)
		./diff_acqDWI.txt
			Evidence: diff_acqDWI.txt
		./no_DWI.txt
			Evidence: no_DWI.txt

	Please visit https://neurostars.org/search?q=NOT_INCLUDED for existing conversations about this issue.

	1: [WARN] The recommended file /README is missing. See Section 03 (Modality agnostic files) of the BIDS specification. (code: 101 - README_FILE_MISSING)

	Please visit https://neurostars.org/search?q=README_FILE_MISSING for existing conversations about this issue.


        Summary:                   Available Tasks:        Available Modalities: 
        5179 Files, 32.08GB                                T1w                   
        653 - Subjects                                     T2w                   
        1 - Session                                        dwi                   


	If you have any questions, please post on https://neurostars.org/tags/bids.

Making sure the input data is BIDS compliant (warnings can be ignored in most cases).
230223-15:52:42,957 nipype.workflow INFO:
	 Running with omp_nthreads=2, nthreads=2
230223-15:52:42,957 nipype.workflow IMPORTANT:
	 
    Running qsiprep version 0+unknown:
      * BIDS dataset path: /data.
      * Participant list: ['CC520585'].
      * Run identifier: 20230223-155140_e616806d-7bc4-4b22-afb0-a91df4ff69ad.
    
230223-15:53:20,33 nipype.workflow INFO:
	 Combining all 1 dwis within the single available session
230223-15:53:20,63 nipype.workflow INFO:
	 [{'dwi_series': ['/data/sub-CC520585/dwi/sub-CC520585_dwi.nii.gz'], 'fieldmap_info': {'suffix': None}, 'dwi_series_pedir': 'j-', 'concatenated_bids_name': 'sub-CC520585'}]
230223-15:53:20,123 nipype.workflow IMPORTANT:
	 Creating dwi processing workflow "dwi_preproc_wf" to produce output sub-CC520585 (1.03 GB / 73 DWIs). Memory resampled/largemem=1.14/1.17 GB.
230223-15:53:20,125 nipype.workflow INFO:
	 Automatically using 5, 5, 5 window for dwidenoise
230223-15:53:20,241 nipype.workflow WARNING:
	 SDC: no fieldmaps found or they were ignored (/data/sub-CC520585/dwi/sub-CC520585_dwi.nii.gz).
230223-15:53:22,804 nipype.workflow IMPORTANT:
	 Works derived from this qsiprep execution should include the following boilerplate:


Preprocessing was performed using *QSIPrep* 0+unknown,
which is based on *Nipype* 1.8.5
(@nipype1; @nipype2; RRID:SCR_002502).

Anatomical data preprocessing

: The T1-weighted (T1w) image was corrected for intensity non-uniformity (INU)
using `N4BiasFieldCorrection` [@n4, ANTs 2.4.3],
and used as T1w-reference throughout the workflow.
The T1w-reference was then skull-stripped using `antsBrainExtraction.sh`
(ANTs 2.4.3), using OASIS as target template.
Spatial normalization to the ICBM 152 Nonlinear Asymmetrical
template version 2009c [@mni, RRID:SCR_008796] was performed
through nonlinear registration with `antsRegistration`
[ANTs 2.4.3, RRID:SCR_004757, @ants], using
brain-extracted versions of both T1w volume and template.



Diffusion data preprocessing

: Any images with a b-value less than 100 s/mm^2 were treated as a *b*=0 image. MP-PCA denoising as implemented in MRtrix3's `dwidenoise`[@dwidenoise1] was applied with a 5-voxel window. After MP-PCA, B1 field inhomogeneity was corrected using `dwibiascorrect` from MRtrix3 with the N4 algorithm [@n4]. After B1 bias correction, the mean intensity of the DWI series was adjusted so all the mean intensity of the b=0 images matched across eachseparate DWI scanning sequence.

Initial motion correction was performed using only the b=0 images. An unbiased b=0 template was constructed over 3 iterations of Affine registrations. The the SHORELine method was used to estimate head motion in b>0 images. This entails leaving out each b>0 image and reconstructing the others using 3dSHORE [@merlet3dshore]. The signal for the left-out image serves as the registration target. A total of 2 iterations were run using a Affine transform. Model-generated images were transformed into alignment with each b>0 image. Both slicewise and whole-brain QC measures (cross correlation and R^2) were calculated.No susceptibility distortion correction was performed.Several confounding time-series were calculated based on the
preprocessed DWI: framewise displacement (FD) using the
implementation in *Nipype* [following the definitions by @power_fd_dvars].
The head-motion estimates calculated in the correction step were also
placed within the corresponding confounds file. Slicewise cross correlation
was also calculated.
The DWI time-series were resampled to ACPC,
generating a *preprocessed DWI run in ACPC space* with 2mm isotropic voxels.


Many internal operations of *QSIPrep* use
*Nilearn* 0.10.0 [@nilearn, RRID:SCR_001362] and
*Dipy* [@dipy].
For more details of the pipeline, see [the section corresponding
to workflows in *QSIPrep*'s documentation](https://qsiprep.readthedocs.io/en/latest/workflows.html "QSIPrep's documentation").


### References


[WARNING] This document format requires a nonempty <title> element.
  Please specify either 'title' or 'pagetitle' in the metadata.
  Falling back to 'CITATION'
230223-15:53:28,369 nipype.workflow INFO:
	 [Node] Setting-up "qsiprep_wf.single_subject_CC520585_wf.anat_preproc_wf.output_grid_wf.autobox_template" in "/tmp/work/qsiprep_wf/single_subject_CC520585_wf/anat_preproc_wf/output_grid_wf/autobox_template".
230223-15:53:28,371 nipype.workflow INFO:
	 [Node] Executing "autobox_template" <nipype.interfaces.afni.utils.Autobox>
230223-15:53:30,196 nipype.workflow INFO:
	 [Node] Setting-up "qsiprep_wf.single_subject_CC520585_wf.bidssrc" in "/tmp/work/qsiprep_wf/single_subject_CC520585_wf/bidssrc".
230223-15:53:30,198 nipype.workflow INFO:
	 [Node] Executing "bidssrc" <qsiprep.interfaces.bids.BIDSDataGrabber>
230223-15:53:30,219 nipype.interface WARNING:
	 No 'flair' images found for sub-<undefined>
230223-15:53:30,219 nipype.interface WARNING:
	 No 'fmap' images found for sub-<undefined>
230223-15:53:30,219 nipype.interface WARNING:
	 No 'sbref' images found for sub-<undefined>
230223-15:53:30,219 nipype.interface WARNING:
	 No 'roi' images found for sub-<undefined>
230223-15:53:30,221 nipype.workflow INFO:
	 [Node] Finished "bidssrc", elapsed time 0.000909s.
230223-15:53:30,481 nipype.workflow INFO:
	 [Node] Finished "autobox_template", elapsed time 2.091186s.
230223-15:53:32,150 nipype.workflow INFO:
	 [Node] Setting-up "qsiprep_wf.single_subject_CC520585_wf.anat_preproc_wf.t2w_preproc_wf.synthstrip_t2w_1.skulled_1mm_resample" in "/tmp/work/qsiprep_wf/single_subject_CC520585_wf/anat_preproc_wf/t2w_preproc_wf/synthstrip_t2w_1/skulled_1mm_resample".
230223-15:53:32,152 nipype.workflow INFO:
	 [Node] Executing "skulled_1mm_resample" <nipype.interfaces.afni.utils.Resample>
230223-15:53:34,110 nipype.workflow INFO:
	 [Node] Setting-up "qsiprep_wf.single_subject_CC520585_wf.dwi_preproc_wf.pre_hmc_wf.merge_and_denoise_wf.conform_dwis01" in "/tmp/work/qsiprep_wf/single_subject_CC520585_wf/dwi_preproc_wf/pre_hmc_wf/merge_and_denoise_wf/conform_dwis01".
230223-15:53:34,112 nipype.workflow INFO:
	 [Node] Executing "conform_dwis01" <qsiprep.interfaces.images.ConformDwi>
230223-15:53:34,818 nipype.workflow INFO:
	 [Node] Finished "skulled_1mm_resample", elapsed time 2.66487s.
230223-15:53:35,824 nipype.interface INFO:
	 Re-orienting /data/sub-CC520585/dwi/sub-CC520585_dwi.nii.gz to LPS
230223-15:53:36,86 nipype.workflow INFO:
	 [Node] Setting-up "qsiprep_wf.single_subject_CC520585_wf.dwi_preproc_wf.pre_hmc_wf.merge_and_denoise_wf.noise_images" in "/tmp/work/qsiprep_wf/single_subject_CC520585_wf/dwi_preproc_wf/pre_hmc_wf/merge_and_denoise_wf/noise_images".
230223-15:53:36,88 nipype.workflow INFO:
	 [Node] Executing "noise_images" <nipype.interfaces.utility.base.Merge>
230223-15:53:36,89 nipype.workflow INFO:
	 [Node] Finished "noise_images", elapsed time 0.000175s.
230223-15:53:37,598 nipype.interface INFO:
	 Reorienting /data/sub-CC520585/dwi/sub-CC520585_dwi.bvec to LPS
230223-15:53:37,603 nipype.workflow INFO:
	 [Node] Finished "conform_dwis01", elapsed time 3.489895s.
230223-15:53:38,73 nipype.workflow INFO:
	 [Node] Setting-up "qsiprep_wf.single_subject_CC520585_wf.dwi_preproc_wf.pre_hmc_wf.merge_and_denoise_wf.bias_images" in "/tmp/work/qsiprep_wf/single_subject_CC520585_wf/dwi_preproc_wf/pre_hmc_wf/merge_and_denoise_wf/bias_images".
230223-15:53:38,75 nipype.workflow INFO:
	 [Node] Executing "bias_images" <nipype.interfaces.utility.base.Merge>
230223-15:53:38,76 nipype.workflow INFO:
	 [Node] Finished "bias_images", elapsed time 0.000192s.
230223-15:53:38,234 nipype.workflow INFO:
	 [Node] Setting-up "qsiprep_wf.single_subject_CC520585_wf.anat_preproc_wf.anat_template_wf.t1_template_dimensions" in "/tmp/work/qsiprep_wf/single_subject_CC520585_wf/anat_preproc_wf/anat_template_wf/t1_template_dimensions".
230223-15:53:38,237 nipype.workflow INFO:
	 [Node] Executing "t1_template_dimensions" <qsiprep.niworkflows.interfaces.images.TemplateDimensions>
230223-15:53:38,547 nipype.workflow INFO:
	 [Node] Finished "t1_template_dimensions", elapsed time 0.308598s.
230223-15:53:40,113 nipype.workflow INFO:
	 [Node] Setting-up "qsiprep_wf.single_subject_CC520585_wf.anat_preproc_wf.output_grid_wf.deoblique_autobox" in "/tmp/work/qsiprep_wf/single_subject_CC520585_wf/anat_preproc_wf/output_grid_wf/deoblique_autobox".
230223-15:53:40,113 nipype.workflow INFO:
	 [Node] Setting-up "qsiprep_wf.single_subject_CC520585_wf.anat_preproc_wf.t2w_preproc_wf.synthstrip_t2w_1.skulled_autobox" in "/tmp/work/qsiprep_wf/single_subject_CC520585_wf/anat_preproc_wf/t2w_preproc_wf/synthstrip_t2w_1/skulled_autobox".
230223-15:53:40,116 nipype.workflow INFO:
	 [Node] Executing "skulled_autobox" <nipype.interfaces.afni.utils.Autobox>
230223-15:53:40,116 nipype.workflow INFO:
	 [Node] Executing "deoblique_autobox" <nipype.interfaces.afni.preprocess.Warp>
230223-15:53:42,367 nipype.workflow INFO:
	 [Node] Finished "deoblique_autobox", elapsed time 2.25053s.
230223-15:53:42,823 nipype.workflow INFO:
	 [Node] Finished "skulled_autobox", elapsed time 2.706426s.
230223-15:53:43,999 nipype.workflow INFO:
	 [Node] Setting-up "qsiprep_wf.single_subject_CC520585_wf.dwi_preproc_wf.pre_hmc_wf.merge_and_denoise_wf.conformed_raw_images" in "/tmp/work/qsiprep_wf/single_subject_CC520585_wf/dwi_preproc_wf/pre_hmc_wf/merge_and_denoise_wf/conformed_raw_images".
230223-15:53:44,0 nipype.workflow INFO:
	 [Node] Setting-up "qsiprep_wf.single_subject_CC520585_wf.dwi_preproc_wf.pre_hmc_wf.merge_and_denoise_wf.conformation_reports" in "/tmp/work/qsiprep_wf/single_subject_CC520585_wf/dwi_preproc_wf/pre_hmc_wf/merge_and_denoise_wf/conformation_reports".
230223-15:53:44,2 nipype.workflow INFO:
	 [Node] Executing "conformed_raw_images" <nipype.interfaces.utility.base.Merge>
230223-15:53:44,2 nipype.workflow INFO:
	 [Node] Executing "conformation_reports" <nipype.interfaces.utility.base.Merge>
230223-15:53:44,2 nipype.workflow INFO:
	 [Node] Finished "conformed_raw_images", elapsed time 0.000159s.
230223-15:53:44,3 nipype.workflow INFO:
	 [Node] Finished "conformation_reports", elapsed time 0.00019s.
230223-15:53:46,1 nipype.workflow INFO:
	 [Node] Setting-up "qsiprep_wf.single_subject_CC520585_wf.dwi_preproc_wf.pre_hmc_wf.merge_and_denoise_wf.conformed_bvals" in "/tmp/work/qsiprep_wf/single_subject_CC520585_wf/dwi_preproc_wf/pre_hmc_wf/merge_and_denoise_wf/conformed_bvals".
230223-15:53:46,1 nipype.workflow INFO:
	 [Node] Setting-up "qsiprep_wf.single_subject_CC520585_wf.dwi_preproc_wf.pre_hmc_wf.merge_and_denoise_wf.dwi_denoise_dwi_wf.denoiser" in "/tmp/work/qsiprep_wf/single_subject_CC520585_wf/dwi_preproc_wf/pre_hmc_wf/merge_and_denoise_wf/dwi_denoise_dwi_wf/denoiser".
230223-15:53:46,3 nipype.workflow INFO:
	 [Node] Executing "conformed_bvals" <nipype.interfaces.utility.base.Merge>
230223-15:53:46,4 nipype.workflow INFO:
	 [Node] Executing "denoiser" <qsiprep.interfaces.mrtrix.DWIDenoise>
230223-15:53:46,4 nipype.workflow INFO:
	 [Node] Finished "conformed_bvals", elapsed time 0.000193s.
230223-15:53:48,30 nipype.workflow INFO:
	 [Node] Setting-up "qsiprep_wf.single_subject_CC520585_wf.dwi_preproc_wf.pre_hmc_wf.merge_and_denoise_wf.conformed_bvecs" in "/tmp/work/qsiprep_wf/single_subject_CC520585_wf/dwi_preproc_wf/pre_hmc_wf/merge_and_denoise_wf/conformed_bvecs".
230223-15:53:48,34 nipype.workflow INFO:
	 [Node] Executing "conformed_bvecs" <nipype.interfaces.utility.base.Merge>
230223-15:53:48,35 nipype.workflow INFO:
	 [Node] Finished "conformed_bvecs", elapsed time 0.000306s.
230223-15:53:50,124 nipype.workflow INFO:
	 [Node] Setting-up "_t1_conform0" in "/tmp/work/qsiprep_wf/single_subject_CC520585_wf/anat_preproc_wf/anat_template_wf/t1_conform/mapflow/_t1_conform0".
230223-15:53:50,125 nipype.workflow INFO:
	 [Node] Executing "_t1_conform0" <qsiprep.interfaces.images.Conform>
230223-15:53:50,283 nipype.interface WARNING:
	 Removing obliquity from image affine
230223-15:53:51,99 nipype.interface WARNING:
	 Check alignment of anatomical image.
230223-15:53:51,102 nipype.workflow INFO:
	 [Node] Finished "_t1_conform0", elapsed time 0.97537s.
230223-15:53:52,125 nipype.workflow INFO:
	 [Node] Setting-up "qsiprep_wf.single_subject_CC520585_wf.anat_preproc_wf.anat_derivatives_wf.t1_name" in "/tmp/work/qsiprep_wf/single_subject_CC520585_wf/anat_preproc_wf/anat_derivatives_wf/t1_name".
230223-15:53:52,127 nipype.workflow INFO:
	 [Node] Executing "t1_name" <nipype.interfaces.utility.wrappers.Function>
230223-15:53:52,128 nipype.workflow INFO:
	 [Node] Finished "t1_name", elapsed time 0.000524s.
230223-15:53:54,134 nipype.workflow INFO:
	 [Node] Setting-up "qsiprep_wf.single_subject_CC520585_wf.anat_preproc_wf.output_grid_wf.resample_to_voxel_size" in "/tmp/work/qsiprep_wf/single_subject_CC520585_wf/anat_preproc_wf/output_grid_wf/resample_to_voxel_size".
230223-15:53:54,138 nipype.workflow INFO:
	 [Node] Executing "resample_to_voxel_size" <nipype.interfaces.afni.utils.Resample>
230223-15:53:54,772 nipype.workflow INFO:
	 [Node] Finished "resample_to_voxel_size", elapsed time 0.633057s.
230223-15:53:56,8 nipype.workflow INFO:
	 [Node] Setting-up "qsiprep_wf.single_subject_CC520585_wf.anat_preproc_wf.t2w_preproc_wf.synthstrip_t2w_1.prepare_synthstrip_reference" in "/tmp/work/qsiprep_wf/single_subject_CC520585_wf/anat_preproc_wf/t2w_preproc_wf/synthstrip_t2w_1/prepare_synthstrip_reference".
230223-15:53:56,10 nipype.workflow INFO:
	 [Node] Executing "prepare_synthstrip_reference" <qsiprep.interfaces.freesurfer.PrepareSynthStripGrid>
230223-15:53:56,104 nipype.interface INFO:
	 stderr 2023-02-23T15:53:56.104874:++ 3dZeropad: AFNI version=AFNI_23.0.04 (Feb 13 2023) [64-bit]
230223-15:53:56,465 nipype.interface INFO:
	 stderr 2023-02-23T15:53:56.465450:++ output dataset: /tmp/work/qsiprep_wf/single_subject_CC520585_wf/anat_preproc_wf/t2w_preproc_wf/synthstrip_t2w_1/prepare_synthstrip_reference/sub-CC520585_T2w_resample_autobox_SynthStripGrid.nii
230223-15:53:56,604 nipype.workflow INFO:
	 [Node] Finished "prepare_synthstrip_reference", elapsed time 0.593333s.
230223-15:53:58,119 nipype.workflow INFO:
	 [Node] Setting-up "qsiprep_wf.single_subject_CC520585_wf.dwi_preproc_wf.pre_hmc_wf.merge_and_denoise_wf.raw_merge" in "/tmp/work/qsiprep_wf/single_subject_CC520585_wf/dwi_preproc_wf/pre_hmc_wf/merge_and_denoise_wf/raw_merge".
230223-15:53:58,121 nipype.workflow INFO:
	 [Node] Executing "raw_merge" <qsiprep.interfaces.nilearn.Merge>
230223-15:54:00,275 nipype.workflow INFO:
	 [Node] Finished "raw_merge", elapsed time 2.152355s.
230223-15:54:02,274 nipype.workflow INFO:
	 [Node] Setting-up "qsiprep_wf.single_subject_CC520585_wf.anat_preproc_wf.t2w_preproc_wf.synthstrip_t2w_1.resample_skulled_to_reference" in "/tmp/work/qsiprep_wf/single_subject_CC520585_wf/anat_preproc_wf/t2w_preproc_wf/synthstrip_t2w_1/resample_skulled_to_reference".
230223-15:54:02,277 nipype.workflow INFO:
	 [Node] Executing "resample_skulled_to_reference" <nipype.interfaces.ants.resampling.ApplyTransforms>
230223-15:54:12,537 nipype.workflow INFO:
	 [Node] Finished "resample_skulled_to_reference", elapsed time 9.990639999999999s.
230223-15:54:14,48 nipype.workflow INFO:
	 [Node] Setting-up "qsiprep_wf.single_subject_CC520585_wf.dwi_preproc_wf.test_pre_hmc_connect" in "/tmp/work/qsiprep_wf/single_subject_CC520585_wf/dwi_preproc_wf/test_pre_hmc_connect".
230223-15:54:14,50 nipype.workflow INFO:
	 [Node] Executing "test_pre_hmc_connect" <qsiprep.interfaces.utils.TestInput>
230223-15:54:14,51 nipype.workflow INFO:
	 [Node] Finished "test_pre_hmc_connect", elapsed time 4.1e-05s.
230223-15:54:14,51 nipype.workflow WARNING:
	 Storing result file without outputs
230223-15:56:30,854 nipype.interface INFO:
	 Generating denoising visual report
230223-15:57:00,409 nipype.workflow INFO:
	 [Node] Finished "denoiser", elapsed time 194.231429s.
230223-15:57:02,312 nipype.workflow INFO:
	 [Node] Setting-up "qsiprep_wf.single_subject_CC520585_wf.dwi_preproc_wf.pre_hmc_wf.merge_and_denoise_wf.dwi_denoise_dwi_wf.get_b0s" in "/tmp/work/qsiprep_wf/single_subject_CC520585_wf/dwi_preproc_wf/pre_hmc_wf/merge_and_denoise_wf/dwi_denoise_dwi_wf/get_b0s".
230223-15:57:02,314 nipype.workflow INFO:
	 [Node] Executing "get_b0s" <qsiprep.interfaces.gradients.ExtractB0s>
230223-15:57:03,690 nipype.workflow INFO:
	 [Node] Finished "get_b0s", elapsed time 1.3751419999999999s.
230223-15:57:04,200 nipype.workflow INFO:
	 [Node] Setting-up "qsiprep_wf.single_subject_CC520585_wf.anat_preproc_wf.skullstrip_wf.t1_skull_strip" in "/tmp/work/qsiprep_wf/single_subject_CC520585_wf/anat_preproc_wf/skullstrip_wf/t1_skull_strip".
230223-15:57:04,203 nipype.workflow INFO:
	 [Node] Executing "t1_skull_strip" <nipype.interfaces.ants.segmentation.BrainExtraction>
230223-16:25:17,462 nipype.workflow INFO:
	 [Node] Finished "t1_skull_strip", elapsed time 1693.019328s.
230223-16:25:18,243 nipype.workflow INFO:
	 [Node] Setting-up "qsiprep_wf.single_subject_CC520585_wf.dwi_preproc_wf.pre_hmc_wf.merge_and_denoise_wf.dwi_denoise_dwi_wf.quick_mask" in "/tmp/work/qsiprep_wf/single_subject_CC520585_wf/dwi_preproc_wf/pre_hmc_wf/merge_and_denoise_wf/dwi_denoise_dwi_wf/quick_mask".
230223-16:25:18,246 nipype.workflow INFO:
	 [Node] Executing "quick_mask" <qsiprep.interfaces.nilearn.MaskEPI>
230223-16:25:19,771 nipype.workflow INFO:
	 [Node] Finished "quick_mask", elapsed time 1.523922s.
230223-16:25:20,20 nipype.workflow INFO:
	 [Node] Setting-up "qsiprep_wf.single_subject_CC520585_wf.anat_preproc_wf.skullstrip_wf.rigid_acpc_align" in "/tmp/work/qsiprep_wf/single_subject_CC520585_wf/anat_preproc_wf/skullstrip_wf/rigid_acpc_align".
230223-16:25:20,27 nipype.workflow INFO:
	 [Node] Executing "rigid_acpc_align" <nipype.interfaces.ants.registration.Registration>
230223-16:29:59,567 nipype.workflow INFO:
	 [Node] Finished "rigid_acpc_align", elapsed time 279.53808s.
230223-16:30:00,389 nipype.workflow INFO:
	 [Node] Setting-up "qsiprep_wf.single_subject_CC520585_wf.anat_preproc_wf.t2w_preproc_wf.synthstrip_t2w_1.synthstrip" in "/tmp/work/qsiprep_wf/single_subject_CC520585_wf/anat_preproc_wf/t2w_preproc_wf/synthstrip_t2w_1/synthstrip".
230223-16:30:00,391 nipype.workflow INFO:
	 [Node] Executing "synthstrip" <qsiprep.interfaces.freesurfer.FixHeaderSynthStrip>
230223-16:30:55,437 nipype.workflow INFO:
	 [Node] Finished "synthstrip", elapsed time 55.044342s.
230223-16:30:56,437 nipype.workflow INFO:
	 [Node] Setting-up "qsiprep_wf.single_subject_CC520585_wf.dwi_preproc_wf.pre_hmc_wf.merge_and_denoise_wf.dwi_denoise_dwi_wf.biascorr" in "/tmp/work/qsiprep_wf/single_subject_CC520585_wf/dwi_preproc_wf/pre_hmc_wf/merge_and_denoise_wf/dwi_denoise_dwi_wf/biascorr".
230223-16:30:56,437 nipype.workflow INFO:
	 [Node] Setting-up "qsiprep_wf.single_subject_CC520585_wf.anat_preproc_wf.skullstrip_wf.rigid_acpc_resample_brain" in "/tmp/work/qsiprep_wf/single_subject_CC520585_wf/anat_preproc_wf/skullstrip_wf/rigid_acpc_resample_brain".
230223-16:30:56,443 nipype.workflow INFO:
	 [Node] Executing "rigid_acpc_resample_brain" <nipype.interfaces.ants.resampling.ApplyTransforms>
230223-16:30:56,632 nipype.workflow INFO:
	 [Node] Executing "biascorr" <qsiprep.interfaces.mrtrix.DWIBiasCorrect>
230223-16:31:10,731 nipype.interface INFO:
	 Generating denoising visual report
230223-16:31:23,548 nipype.workflow INFO:
	 [Node] Finished "rigid_acpc_resample_brain", elapsed time 27.103786s.
230223-16:31:24,507 nipype.workflow INFO:
	 [Node] Setting-up "qsiprep_wf.single_subject_CC520585_wf.anat_preproc_wf.skullstrip_wf.rigid_acpc_resample_head" in "/tmp/work/qsiprep_wf/single_subject_CC520585_wf/anat_preproc_wf/skullstrip_wf/rigid_acpc_resample_head".
230223-16:31:24,516 nipype.workflow INFO:
	 [Node] Executing "rigid_acpc_resample_head" <nipype.interfaces.ants.resampling.ApplyTransforms>
230223-16:31:42,642 nipype.workflow INFO:
	 [Node] Finished "biascorr", elapsed time 46.009049s.
230223-16:31:44,518 nipype.workflow INFO:
	 [Node] Setting-up "qsiprep_wf.single_subject_CC520585_wf.anat_preproc_wf.skullstrip_wf.rigid_acpc_resample_mask" in "/tmp/work/qsiprep_wf/single_subject_CC520585_wf/anat_preproc_wf/skullstrip_wf/rigid_acpc_resample_mask".
230223-16:31:44,524 nipype.workflow INFO:
	 [Node] Executing "rigid_acpc_resample_mask" <nipype.interfaces.ants.resampling.ApplyTransforms>
230223-16:31:53,871 nipype.workflow INFO:
	 [Node] Finished "rigid_acpc_resample_head", elapsed time 29.353745s.
230223-16:31:54,535 nipype.workflow INFO:
	 [Node] Setting-up "qsiprep_wf.single_subject_CC520585_wf.anat_preproc_wf.skullstrip_wf.rigid_acpc_resample_seg" in "/tmp/work/qsiprep_wf/single_subject_CC520585_wf/anat_preproc_wf/skullstrip_wf/rigid_acpc_resample_seg".
230223-16:31:54,541 nipype.workflow INFO:
	 [Node] Executing "rigid_acpc_resample_seg" <nipype.interfaces.ants.resampling.ApplyTransforms>
230223-16:32:59,52 nipype.workflow INFO:
	 [Node] Finished "rigid_acpc_resample_mask", elapsed time 74.527216s.
230223-16:33:00,594 nipype.workflow INFO:
	 [Node] Setting-up "qsiprep_wf.single_subject_CC520585_wf.anat_preproc_wf.t2w_preproc_wf.synthstrip_t2w_1.mask_to_original_grid" in "/tmp/work/qsiprep_wf/single_subject_CC520585_wf/anat_preproc_wf/t2w_preproc_wf/synthstrip_t2w_1/mask_to_original_grid".
230223-16:33:00,597 nipype.workflow INFO:
	 [Node] Executing "mask_to_original_grid" <nipype.interfaces.ants.resampling.ApplyTransforms>
230223-16:33:01,235 nipype.workflow INFO:
	 [Node] Finished "mask_to_original_grid", elapsed time 0.636283s.
230223-16:33:02,813 nipype.workflow INFO:
	 [Node] Setting-up "qsiprep_wf.single_subject_CC520585_wf.dwi_preproc_wf.pre_hmc_wf.merge_and_denoise_wf.dwi_denoise_dwi_wf.merge_confounds" in "/tmp/work/qsiprep_wf/single_subject_CC520585_wf/dwi_preproc_wf/pre_hmc_wf/merge_and_denoise_wf/dwi_denoise_dwi_wf/merge_confounds".
230223-16:33:02,816 nipype.workflow INFO:
	 [Node] Executing "merge_confounds" <nipype.interfaces.utility.base.Merge>
230223-16:33:02,817 nipype.workflow INFO:
	 [Node] Finished "merge_confounds", elapsed time 0.000195s.
230223-16:33:04,502 nipype.workflow INFO:
	 [Node] Setting-up "qsiprep_wf.single_subject_CC520585_wf.dwi_preproc_wf.pre_hmc_wf.merge_and_denoise_wf.conformed_images" in "/tmp/work/qsiprep_wf/single_subject_CC520585_wf/dwi_preproc_wf/pre_hmc_wf/merge_and_denoise_wf/conformed_images".
230223-16:33:04,504 nipype.workflow INFO:
	 [Node] Executing "conformed_images" <nipype.interfaces.utility.base.Merge>
230223-16:33:04,505 nipype.workflow INFO:
	 [Node] Finished "conformed_images", elapsed time 0.000145s.
230223-16:33:06,902 nipype.workflow INFO:
	 [Node] Setting-up "qsiprep_wf.single_subject_CC520585_wf.anat_preproc_wf.t2w_preproc_wf.synthstrip_t2w_1.mask_brain" in "/tmp/work/qsiprep_wf/single_subject_CC520585_wf/anat_preproc_wf/t2w_preproc_wf/synthstrip_t2w_1/mask_brain".
230223-16:33:06,904 nipype.workflow INFO:
	 [Node] Executing "mask_brain" <nipype.interfaces.ants.utils.MultiplyImages>
230223-16:33:07,301 nipype.workflow INFO:
	 [Node] Finished "mask_brain", elapsed time 0.396194s.
230223-16:33:08,544 nipype.workflow INFO:
	 [Node] Setting-up "qsiprep_wf.single_subject_CC520585_wf.dwi_preproc_wf.pre_hmc_wf.merge_and_denoise_wf.dwi_denoise_dwi_wf.hstack_confounds" in "/tmp/work/qsiprep_wf/single_subject_CC520585_wf/dwi_preproc_wf/pre_hmc_wf/merge_and_denoise_wf/dwi_denoise_dwi_wf/hstack_confounds".
230223-16:33:08,546 nipype.workflow INFO:
	 [Node] Executing "hstack_confounds" <qsiprep.interfaces.dwi_merge.StackConfounds>
230223-16:33:08,553 nipype.workflow INFO:
	 [Node] Finished "hstack_confounds", elapsed time 0.005833s.
230223-16:33:10,512 nipype.workflow INFO:
	 [Node] Setting-up "qsiprep_wf.single_subject_CC520585_wf.anat_preproc_wf.t2w_preproc_wf.synthstrip_t2w_1.desaturate_skull" in "/tmp/work/qsiprep_wf/single_subject_CC520585_wf/anat_preproc_wf/t2w_preproc_wf/synthstrip_t2w_1/desaturate_skull".
230223-16:33:10,515 nipype.workflow INFO:
	 [Node] Executing "desaturate_skull" <qsiprep.interfaces.anatomical.DesaturateSkull>
230223-16:33:13,3 nipype.workflow INFO:
	 [Node] Finished "rigid_acpc_resample_seg", elapsed time 78.460945s.
230223-16:33:14,511 nipype.workflow INFO:
	 [Node] Setting-up "qsiprep_wf.single_subject_CC520585_wf.dwi_preproc_wf.pre_hmc_wf.merge_and_denoise_wf.denoising_confounds" in "/tmp/work/qsiprep_wf/single_subject_CC520585_wf/dwi_preproc_wf/pre_hmc_wf/merge_and_denoise_wf/denoising_confounds".
230223-16:33:14,550 nipype.workflow INFO:
	 [Node] Executing "denoising_confounds" <nipype.interfaces.utility.base.Merge>
230223-16:33:14,550 nipype.workflow INFO:
	 [Node] Finished "denoising_confounds", elapsed time 0.000239s.
230223-16:33:16,545 nipype.workflow INFO:
	 [Node] Setting-up "qsiprep_wf.single_subject_CC520585_wf.dwi_preproc_wf.pre_hmc_wf.merge_and_denoise_wf.merge_dwis" in "/tmp/work/qsiprep_wf/single_subject_CC520585_wf/dwi_preproc_wf/pre_hmc_wf/merge_and_denoise_wf/merge_dwis".
230223-16:33:16,549 nipype.workflow INFO:
	 [Node] Executing "merge_dwis" <qsiprep.interfaces.dwi_merge.MergeDWIs>
230223-16:33:17,641 nipype.workflow INFO:
	 [Node] Finished "merge_dwis", elapsed time 1.091197s.
230223-16:33:18,528 nipype.workflow INFO:
	 [Node] Setting-up "qsiprep_wf.single_subject_CC520585_wf.dwi_preproc_wf.pre_hmc_wf.merge_and_denoise_wf.dwi_qc_wf.raw_src" in "/tmp/work/qsiprep_wf/single_subject_CC520585_wf/dwi_preproc_wf/pre_hmc_wf/merge_and_denoise_wf/dwi_qc_wf/raw_src".
230223-16:33:18,531 nipype.workflow INFO:
	 [Node] Executing "raw_src" <qsiprep.interfaces.dsi_studio.DSIStudioCreateSrc>
230223-16:33:18,893 nipype.interface INFO:
	 Desaturating outside-brain signal by 0.20577
230223-16:33:20,97 nipype.workflow INFO:
	 [Node] Finished "desaturate_skull", elapsed time 9.580849s.
230223-16:33:20,519 nipype.workflow INFO:
	 [Node] Setting-up "qsiprep_wf.single_subject_CC520585_wf.anat_preproc_wf.t2w_preproc_wf.unfatsats" in "/tmp/work/qsiprep_wf/single_subject_CC520585_wf/anat_preproc_wf/t2w_preproc_wf/unfatsats".
230223-16:33:20,522 nipype.workflow INFO:
	 [Node] Executing "unfatsats" <nipype.interfaces.utility.base.Merge>
230223-16:33:20,523 nipype.workflow INFO:
	 [Node] Finished "unfatsats", elapsed time 0.000293s.
230223-16:33:22,524 nipype.workflow INFO:
	 [Node] Setting-up "qsiprep_wf.single_subject_CC520585_wf.dwi_preproc_wf.hmc_sdc_wf.split_dwis" in "/tmp/work/qsiprep_wf/single_subject_CC520585_wf/dwi_preproc_wf/hmc_sdc_wf/split_dwis".
230223-16:33:22,527 nipype.workflow INFO:
	 [Node] Executing "split_dwis" <qsiprep.interfaces.images.TSplit>
230223-16:33:24,830 nipype.workflow INFO:
	 [Node] Finished "split_dwis", elapsed time 2.3023569999999998s.
230223-16:33:26,524 nipype.workflow INFO:
	 [Node] Setting-up "qsiprep_wf.single_subject_CC520585_wf.dwi_preproc_wf.hmc_sdc_wf.split_bvals" in "/tmp/work/qsiprep_wf/single_subject_CC520585_wf/dwi_preproc_wf/hmc_sdc_wf/split_bvals".
230223-16:33:26,533 nipype.workflow INFO:
	 [Node] Executing "split_bvals" <qsiprep.interfaces.images.SplitDWIsBvals>
230223-16:33:26,533 nipype.interface INFO:
	 Converting oblique-image bvecs to world coordinate reference frame
230223-16:33:26,556 nipype.interface INFO:
	 /opt/3Tissue/bin/mrinfo -dwgrad -fslgrad /tmp/work/qsiprep_wf/single_subject_CC520585_wf/dwi_preproc_wf/hmc_sdc_wf/split_bvals/_0000sub-CC520585_dwi_LPS_fix.bvec /tmp/work/qsiprep_wf/single_subject_CC520585_wf/dwi_preproc_wf/hmc_sdc_wf/split_bvals/sub-CC520585_dwi_0000.bval /tmp/work/qsiprep_wf/single_subject_CC520585_wf/dwi_preproc_wf/hmc_sdc_wf/split_dwis/vol.0000.nii
230223-16:33:26,579 nipype.interface INFO:
	 /opt/3Tissue/bin/mrinfo -dwgrad -fslgrad /tmp/work/qsiprep_wf/single_subject_CC520585_wf/dwi_preproc_wf/hmc_sdc_wf/split_bvals/_0001sub-CC520585_dwi_LPS_fix.bvec /tmp/work/qsiprep_wf/single_subject_CC520585_wf/dwi_preproc_wf/hmc_sdc_wf/split_bvals/sub-CC520585_dwi_0001.bval /tmp/work/qsiprep_wf/single_subject_CC520585_wf/dwi_preproc_wf/hmc_sdc_wf/split_dwis/vol.0001.nii
230223-16:33:26,605 nipype.interface INFO:
	 /opt/3Tissue/bin/mrinfo -dwgrad -fslgrad /tmp/work/qsiprep_wf/single_subject_CC520585_wf/dwi_preproc_wf/hmc_sdc_wf/split_bvals/_0002sub-CC520585_dwi_LPS_fix.bvec /tmp/work/qsiprep_wf/single_subject_CC520585_wf/dwi_preproc_wf/hmc_sdc_wf/split_bvals/sub-CC520585_dwi_0002.bval /tmp/work/qsiprep_wf/single_subject_CC520585_wf/dwi_preproc_wf/hmc_sdc_wf/split_dwis/vol.0002.nii
230223-16:33:26,634 nipype.interface INFO:
	 /opt/3Tissue/bin/mrinfo -dwgrad -fslgrad /tmp/work/qsiprep_wf/single_subject_CC520585_wf/dwi_preproc_wf/hmc_sdc_wf/split_bvals/_0003sub-CC520585_dwi_LPS_fix.bvec /tmp/work/qsiprep_wf/single_subject_CC520585_wf/dwi_preproc_wf/hmc_sdc_wf/split_bvals/sub-CC520585_dwi_0003.bval /tmp/work/qsiprep_wf/single_subject_CC520585_wf/dwi_preproc_wf/hmc_sdc_wf/split_dwis/vol.0003.nii
230223-16:33:26,661 nipype.interface INFO:
	 /opt/3Tissue/bin/mrinfo -dwgrad -fslgrad /tmp/work/qsiprep_wf/single_subject_CC520585_wf/dwi_preproc_wf/hmc_sdc_wf/split_bvals/_0004sub-CC520585_dwi_LPS_fix.bvec /tmp/work/qsiprep_wf/single_subject_CC520585_wf/dwi_preproc_wf/hmc_sdc_wf/split_bvals/sub-CC520585_dwi_0004.bval /tmp/work/qsiprep_wf/single_subject_CC520585_wf/dwi_preproc_wf/hmc_sdc_wf/split_dwis/vol.0004.nii
230223-16:33:26,689 nipype.interface INFO:
	 /opt/3Tissue/bin/mrinfo -dwgrad -fslgrad /tmp/work/qsiprep_wf/single_subject_CC520585_wf/dwi_preproc_wf/hmc_sdc_wf/split_bvals/_0005sub-CC520585_dwi_LPS_fix.bvec /tmp/work/qsiprep_wf/single_subject_CC520585_wf/dwi_preproc_wf/hmc_sdc_wf/split_bvals/sub-CC520585_dwi_0005.bval /tmp/work/qsiprep_wf/single_subject_CC520585_wf/dwi_preproc_wf/hmc_sdc_wf/split_dwis/vol.0005.nii
230223-16:33:26,714 nipype.interface INFO:
	 /opt/3Tissue/bin/mrinfo -dwgrad -fslgrad /tmp/work/qsiprep_wf/single_subject_CC520585_wf/dwi_preproc_wf/hmc_sdc_wf/split_bvals/_0006sub-CC520585_dwi_LPS_fix.bvec /tmp/work/qsiprep_wf/single_subject_CC520585_wf/dwi_preproc_wf/hmc_sdc_wf/split_bvals/sub-CC520585_dwi_0006.bval /tmp/work/qsiprep_wf/single_subject_CC520585_wf/dwi_preproc_wf/hmc_sdc_wf/split_dwis/vol.0006.nii
230223-16:33:26,740 nipype.interface INFO:
	 /opt/3Tissue/bin/mrinfo -dwgrad -fslgrad /tmp/work/qsiprep_wf/single_subject_CC520585_wf/dwi_preproc_wf/hmc_sdc_wf/split_bvals/_0007sub-CC520585_dwi_LPS_fix.bvec /tmp/work/qsiprep_wf/single_subject_CC520585_wf/dwi_preproc_wf/hmc_sdc_wf/split_bvals/sub-CC520585_dwi_0007.bval /tmp/work/qsiprep_wf/single_subject_CC520585_wf/dwi_preproc_wf/hmc_sdc_wf/split_dwis/vol.0007.nii
230223-16:33:26,767 nipype.interface INFO:
	 /opt/3Tissue/bin/mrinfo -dwgrad -fslgrad /tmp/work/qsiprep_wf/single_subject_CC520585_wf/dwi_preproc_wf/hmc_sdc_wf/split_bvals/_0008sub-CC520585_dwi_LPS_fix.bvec /tmp/work/qsiprep_wf/single_subject_CC520585_wf/dwi_preproc_wf/hmc_sdc_wf/split_bvals/sub-CC520585_dwi_0008.bval /tmp/work/qsiprep_wf/single_subject_CC520585_wf/dwi_preproc_wf/hmc_sdc_wf/split_dwis/vol.0008.nii
230223-16:33:26,793 nipype.interface INFO:
	 /opt/3Tissue/bin/mrinfo -dwgrad -fslgrad /tmp/work/qsiprep_wf/single_subject_CC520585_wf/dwi_preproc_wf/hmc_sdc_wf/split_bvals/_0009sub-CC520585_dwi_LPS_fix.bvec /tmp/work/qsiprep_wf/single_subject_CC520585_wf/dwi_preproc_wf/hmc_sdc_wf/split_bvals/sub-CC520585_dwi_0009.bval /tmp/work/qsiprep_wf/single_subject_CC520585_wf/dwi_preproc_wf/hmc_sdc_wf/split_dwis/vol.0009.nii
230223-16:33:26,822 nipype.interface INFO:
	 /opt/3Tissue/bin/mrinfo -dwgrad -fslgrad /tmp/work/qsiprep_wf/single_subject_CC520585_wf/dwi_preproc_wf/hmc_sdc_wf/split_bvals/_0010sub-CC520585_dwi_LPS_fix.bvec /tmp/work/qsiprep_wf/single_subject_CC520585_wf/dwi_preproc_wf/hmc_sdc_wf/split_bvals/sub-CC520585_dwi_0010.bval /tmp/work/qsiprep_wf/single_subject_CC520585_wf/dwi_preproc_wf/hmc_sdc_wf/split_dwis/vol.0010.nii
230223-16:33:26,849 nipype.interface INFO:
	 /opt/3Tissue/bin/mrinfo -dwgrad -fslgrad /tmp/work/qsiprep_wf/single_subject_CC520585_wf/dwi_preproc_wf/hmc_sdc_wf/split_bvals/_0011sub-CC520585_dwi_LPS_fix.bvec /tmp/work/qsiprep_wf/single_subject_CC520585_wf/dwi_preproc_wf/hmc_sdc_wf/split_bvals/sub-CC520585_dwi_0011.bval /tmp/work/qsiprep_wf/single_subject_CC520585_wf/dwi_preproc_wf/hmc_sdc_wf/split_dwis/vol.0011.nii
230223-16:33:26,876 nipype.interface INFO:
	 /opt/3Tissue/bin/mrinfo -dwgrad -fslgrad /tmp/work/qsiprep_wf/single_subject_CC520585_wf/dwi_preproc_wf/hmc_sdc_wf/split_bvals/_0012sub-CC520585_dwi_LPS_fix.bvec /tmp/work/qsiprep_wf/single_subject_CC520585_wf/dwi_preproc_wf/hmc_sdc_wf/split_bvals/sub-CC520585_dwi_0012.bval /tmp/work/qsiprep_wf/single_subject_CC520585_wf/dwi_preproc_wf/hmc_sdc_wf/split_dwis/vol.0012.nii
230223-16:33:26,902 nipype.interface INFO:
	 /opt/3Tissue/bin/mrinfo -dwgrad -fslgrad /tmp/work/qsiprep_wf/single_subject_CC520585_wf/dwi_preproc_wf/hmc_sdc_wf/split_bvals/_0013sub-CC520585_dwi_LPS_fix.bvec /tmp/work/qsiprep_wf/single_subject_CC520585_wf/dwi_preproc_wf/hmc_sdc_wf/split_bvals/sub-CC520585_dwi_0013.bval /tmp/work/qsiprep_wf/single_subject_CC520585_wf/dwi_preproc_wf/hmc_sdc_wf/split_dwis/vol.0013.nii
230223-16:33:26,929 nipype.interface INFO:
	 /opt/3Tissue/bin/mrinfo -dwgrad -fslgrad /tmp/work/qsiprep_wf/single_subject_CC520585_wf/dwi_preproc_wf/hmc_sdc_wf/split_bvals/_0014sub-CC520585_dwi_LPS_fix.bvec /tmp/work/qsiprep_wf/single_subject_CC520585_wf/dwi_preproc_wf/hmc_sdc_wf/split_bvals/sub-CC520585_dwi_0014.bval /tmp/work/qsiprep_wf/single_subject_CC520585_wf/dwi_preproc_wf/hmc_sdc_wf/split_dwis/vol.0014.nii
230223-16:33:26,956 nipype.interface INFO:
	 /opt/3Tissue/bin/mrinfo -dwgrad -fslgrad /tmp/work/qsiprep_wf/single_subject_CC520585_wf/dwi_preproc_wf/hmc_sdc_wf/split_bvals/_0015sub-CC520585_dwi_LPS_fix.bvec /tmp/work/qsiprep_wf/single_subject_CC520585_wf/dwi_preproc_wf/hmc_sdc_wf/split_bvals/sub-CC520585_dwi_0015.bval /tmp/work/qsiprep_wf/single_subject_CC520585_wf/dwi_preproc_wf/hmc_sdc_wf/split_dwis/vol.0015.nii
230223-16:33:26,983 nipype.interface INFO:
	 /opt/3Tissue/bin/mrinfo -dwgrad -fslgrad /tmp/work/qsiprep_wf/single_subject_CC520585_wf/dwi_preproc_wf/hmc_sdc_wf/split_bvals/_0016sub-CC520585_dwi_LPS_fix.bvec /tmp/work/qsiprep_wf/single_subject_CC520585_wf/dwi_preproc_wf/hmc_sdc_wf/split_bvals/sub-CC520585_dwi_0016.bval /tmp/work/qsiprep_wf/single_subject_CC520585_wf/dwi_preproc_wf/hmc_sdc_wf/split_dwis/vol.0016.nii
230223-16:33:27,9 nipype.interface INFO:
	 /opt/3Tissue/bin/mrinfo -dwgrad -fslgrad /tmp/work/qsiprep_wf/single_subject_CC520585_wf/dwi_preproc_wf/hmc_sdc_wf/split_bvals/_0017sub-CC520585_dwi_LPS_fix.bvec /tmp/work/qsiprep_wf/single_subject_CC520585_wf/dwi_preproc_wf/hmc_sdc_wf/split_bvals/sub-CC520585_dwi_0017.bval /tmp/work/qsiprep_wf/single_subject_CC520585_wf/dwi_preproc_wf/hmc_sdc_wf/split_dwis/vol.0017.nii
230223-16:33:27,37 nipype.interface INFO:
	 /opt/3Tissue/bin/mrinfo -dwgrad -fslgrad /tmp/work/qsiprep_wf/single_subject_CC520585_wf/dwi_preproc_wf/hmc_sdc_wf/split_bvals/_0018sub-CC520585_dwi_LPS_fix.bvec /tmp/work/qsiprep_wf/single_subject_CC520585_wf/dwi_preproc_wf/hmc_sdc_wf/split_bvals/sub-CC520585_dwi_0018.bval /tmp/work/qsiprep_wf/single_subject_CC520585_wf/dwi_preproc_wf/hmc_sdc_wf/split_dwis/vol.0018.nii
230223-16:33:27,63 nipype.interface INFO:
	 /opt/3Tissue/bin/mrinfo -dwgrad -fslgrad /tmp/work/qsiprep_wf/single_subject_CC520585_wf/dwi_preproc_wf/hmc_sdc_wf/split_bvals/_0019sub-CC520585_dwi_LPS_fix.bvec /tmp/work/qsiprep_wf/single_subject_CC520585_wf/dwi_preproc_wf/hmc_sdc_wf/split_bvals/sub-CC520585_dwi_0019.bval /tmp/work/qsiprep_wf/single_subject_CC520585_wf/dwi_preproc_wf/hmc_sdc_wf/split_dwis/vol.0019.nii
230223-16:33:27,90 nipype.interface INFO:
	 /opt/3Tissue/bin/mrinfo -dwgrad -fslgrad /tmp/work/qsiprep_wf/single_subject_CC520585_wf/dwi_preproc_wf/hmc_sdc_wf/split_bvals/_0020sub-CC520585_dwi_LPS_fix.bvec /tmp/work/qsiprep_wf/single_subject_CC520585_wf/dwi_preproc_wf/hmc_sdc_wf/split_bvals/sub-CC520585_dwi_0020.bval /tmp/work/qsiprep_wf/single_subject_CC520585_wf/dwi_preproc_wf/hmc_sdc_wf/split_dwis/vol.0020.nii
230223-16:33:27,116 nipype.interface INFO:
	 /opt/3Tissue/bin/mrinfo -dwgrad -fslgrad /tmp/work/qsiprep_wf/single_subject_CC520585_wf/dwi_preproc_wf/hmc_sdc_wf/split_bvals/_0021sub-CC520585_dwi_LPS_fix.bvec /tmp/work/qsiprep_wf/single_subject_CC520585_wf/dwi_preproc_wf/hmc_sdc_wf/split_bvals/sub-CC520585_dwi_0021.bval /tmp/work/qsiprep_wf/single_subject_CC520585_wf/dwi_preproc_wf/hmc_sdc_wf/split_dwis/vol.0021.nii
230223-16:33:27,142 nipype.interface INFO:
	 /opt/3Tissue/bin/mrinfo -dwgrad -fslgrad /tmp/work/qsiprep_wf/single_subject_CC520585_wf/dwi_preproc_wf/hmc_sdc_wf/split_bvals/_0022sub-CC520585_dwi_LPS_fix.bvec /tmp/work/qsiprep_wf/single_subject_CC520585_wf/dwi_preproc_wf/hmc_sdc_wf/split_bvals/sub-CC520585_dwi_0022.bval /tmp/work/qsiprep_wf/single_subject_CC520585_wf/dwi_preproc_wf/hmc_sdc_wf/split_dwis/vol.0022.nii
230223-16:33:27,169 nipype.interface INFO:
	 /opt/3Tissue/bin/mrinfo -dwgrad -fslgrad /tmp/work/qsiprep_wf/single_subject_CC520585_wf/dwi_preproc_wf/hmc_sdc_wf/split_bvals/_0023sub-CC520585_dwi_LPS_fix.bvec /tmp/work/qsiprep_wf/single_subject_CC520585_wf/dwi_preproc_wf/hmc_sdc_wf/split_bvals/sub-CC520585_dwi_0023.bval /tmp/work/qsiprep_wf/single_subject_CC520585_wf/dwi_preproc_wf/hmc_sdc_wf/split_dwis/vol.0023.nii
230223-16:33:27,195 nipype.interface INFO:
	 /opt/3Tissue/bin/mrinfo -dwgrad -fslgrad /tmp/work/qsiprep_wf/single_subject_CC520585_wf/dwi_preproc_wf/hmc_sdc_wf/split_bvals/_0024sub-CC520585_dwi_LPS_fix.bvec /tmp/work/qsiprep_wf/single_subject_CC520585_wf/dwi_preproc_wf/hmc_sdc_wf/split_bvals/sub-CC520585_dwi_0024.bval /tmp/work/qsiprep_wf/single_subject_CC520585_wf/dwi_preproc_wf/hmc_sdc_wf/split_dwis/vol.0024.nii
230223-16:33:27,221 nipype.interface INFO:
	 /opt/3Tissue/bin/mrinfo -dwgrad -fslgrad /tmp/work/qsiprep_wf/single_subject_CC520585_wf/dwi_preproc_wf/hmc_sdc_wf/split_bvals/_0025sub-CC520585_dwi_LPS_fix.bvec /tmp/work/qsiprep_wf/single_subject_CC520585_wf/dwi_preproc_wf/hmc_sdc_wf/split_bvals/sub-CC520585_dwi_0025.bval /tmp/work/qsiprep_wf/single_subject_CC520585_wf/dwi_preproc_wf/hmc_sdc_wf/split_dwis/vol.0025.nii
230223-16:33:27,247 nipype.interface INFO:
	 /opt/3Tissue/bin/mrinfo -dwgrad -fslgrad /tmp/work/qsiprep_wf/single_subject_CC520585_wf/dwi_preproc_wf/hmc_sdc_wf/split_bvals/_0026sub-CC520585_dwi_LPS_fix.bvec /tmp/work/qsiprep_wf/single_subject_CC520585_wf/dwi_preproc_wf/hmc_sdc_wf/split_bvals/sub-CC520585_dwi_0026.bval /tmp/work/qsiprep_wf/single_subject_CC520585_wf/dwi_preproc_wf/hmc_sdc_wf/split_dwis/vol.0026.nii
230223-16:33:27,271 nipype.interface INFO:
	 /opt/3Tissue/bin/mrinfo -dwgrad -fslgrad /tmp/work/qsiprep_wf/single_subject_CC520585_wf/dwi_preproc_wf/hmc_sdc_wf/split_bvals/_0027sub-CC520585_dwi_LPS_fix.bvec /tmp/work/qsiprep_wf/single_subject_CC520585_wf/dwi_preproc_wf/hmc_sdc_wf/split_bvals/sub-CC520585_dwi_0027.bval /tmp/work/qsiprep_wf/single_subject_CC520585_wf/dwi_preproc_wf/hmc_sdc_wf/split_dwis/vol.0027.nii
230223-16:33:27,293 nipype.interface INFO:
	 /opt/3Tissue/bin/mrinfo -dwgrad -fslgrad /tmp/work/qsiprep_wf/single_subject_CC520585_wf/dwi_preproc_wf/hmc_sdc_wf/split_bvals/_0028sub-CC520585_dwi_LPS_fix.bvec /tmp/work/qsiprep_wf/single_subject_CC520585_wf/dwi_preproc_wf/hmc_sdc_wf/split_bvals/sub-CC520585_dwi_0028.bval /tmp/work/qsiprep_wf/single_subject_CC520585_wf/dwi_preproc_wf/hmc_sdc_wf/split_dwis/vol.0028.nii
230223-16:33:27,317 nipype.interface INFO:
	 /opt/3Tissue/bin/mrinfo -dwgrad -fslgrad /tmp/work/qsiprep_wf/single_subject_CC520585_wf/dwi_preproc_wf/hmc_sdc_wf/split_bvals/_0029sub-CC520585_dwi_LPS_fix.bvec /tmp/work/qsiprep_wf/single_subject_CC520585_wf/dwi_preproc_wf/hmc_sdc_wf/split_bvals/sub-CC520585_dwi_0029.bval /tmp/work/qsiprep_wf/single_subject_CC520585_wf/dwi_preproc_wf/hmc_sdc_wf/split_dwis/vol.0029.nii
230223-16:33:27,340 nipype.interface INFO:
	 /opt/3Tissue/bin/mrinfo -dwgrad -fslgrad /tmp/work/qsiprep_wf/single_subject_CC520585_wf/dwi_preproc_wf/hmc_sdc_wf/split_bvals/_0030sub-CC520585_dwi_LPS_fix.bvec /tmp/work/qsiprep_wf/single_subject_CC520585_wf/dwi_preproc_wf/hmc_sdc_wf/split_bvals/sub-CC520585_dwi_0030.bval /tmp/work/qsiprep_wf/single_subject_CC520585_wf/dwi_preproc_wf/hmc_sdc_wf/split_dwis/vol.0030.nii
230223-16:33:27,363 nipype.interface INFO:
	 /opt/3Tissue/bin/mrinfo -dwgrad -fslgrad /tmp/work/qsiprep_wf/single_subject_CC520585_wf/dwi_preproc_wf/hmc_sdc_wf/split_bvals/_0031sub-CC520585_dwi_LPS_fix.bvec /tmp/work/qsiprep_wf/single_subject_CC520585_wf/dwi_preproc_wf/hmc_sdc_wf/split_bvals/sub-CC520585_dwi_0031.bval /tmp/work/qsiprep_wf/single_subject_CC520585_wf/dwi_preproc_wf/hmc_sdc_wf/split_dwis/vol.0031.nii
230223-16:33:27,386 nipype.interface INFO:
	 /opt/3Tissue/bin/mrinfo -dwgrad -fslgrad /tmp/work/qsiprep_wf/single_subject_CC520585_wf/dwi_preproc_wf/hmc_sdc_wf/split_bvals/_0032sub-CC520585_dwi_LPS_fix.bvec /tmp/work/qsiprep_wf/single_subject_CC520585_wf/dwi_preproc_wf/hmc_sdc_wf/split_bvals/sub-CC520585_dwi_0032.bval /tmp/work/qsiprep_wf/single_subject_CC520585_wf/dwi_preproc_wf/hmc_sdc_wf/split_dwis/vol.0032.nii
230223-16:33:27,408 nipype.interface INFO:
	 /opt/3Tissue/bin/mrinfo -dwgrad -fslgrad /tmp/work/qsiprep_wf/single_subject_CC520585_wf/dwi_preproc_wf/hmc_sdc_wf/split_bvals/_0033sub-CC520585_dwi_LPS_fix.bvec /tmp/work/qsiprep_wf/single_subject_CC520585_wf/dwi_preproc_wf/hmc_sdc_wf/split_bvals/sub-CC520585_dwi_0033.bval /tmp/work/qsiprep_wf/single_subject_CC520585_wf/dwi_preproc_wf/hmc_sdc_wf/split_dwis/vol.0033.nii
230223-16:33:27,434 nipype.interface INFO:
	 /opt/3Tissue/bin/mrinfo -dwgrad -fslgrad /tmp/work/qsiprep_wf/single_subject_CC520585_wf/dwi_preproc_wf/hmc_sdc_wf/split_bvals/_0034sub-CC520585_dwi_LPS_fix.bvec /tmp/work/qsiprep_wf/single_subject_CC520585_wf/dwi_preproc_wf/hmc_sdc_wf/split_bvals/sub-CC520585_dwi_0034.bval /tmp/work/qsiprep_wf/single_subject_CC520585_wf/dwi_preproc_wf/hmc_sdc_wf/split_dwis/vol.0034.nii
230223-16:33:27,464 nipype.interface INFO:
	 /opt/3Tissue/bin/mrinfo -dwgrad -fslgrad /tmp/work/qsiprep_wf/single_subject_CC520585_wf/dwi_preproc_wf/hmc_sdc_wf/split_bvals/_0035sub-CC520585_dwi_LPS_fix.bvec /tmp/work/qsiprep_wf/single_subject_CC520585_wf/dwi_preproc_wf/hmc_sdc_wf/split_bvals/sub-CC520585_dwi_0035.bval /tmp/work/qsiprep_wf/single_subject_CC520585_wf/dwi_preproc_wf/hmc_sdc_wf/split_dwis/vol.0035.nii
230223-16:33:27,486 nipype.interface INFO:
	 /opt/3Tissue/bin/mrinfo -dwgrad -fslgrad /tmp/work/qsiprep_wf/single_subject_CC520585_wf/dwi_preproc_wf/hmc_sdc_wf/split_bvals/_0036sub-CC520585_dwi_LPS_fix.bvec /tmp/work/qsiprep_wf/single_subject_CC520585_wf/dwi_preproc_wf/hmc_sdc_wf/split_bvals/sub-CC520585_dwi_0036.bval /tmp/work/qsiprep_wf/single_subject_CC520585_wf/dwi_preproc_wf/hmc_sdc_wf/split_dwis/vol.0036.nii
230223-16:33:27,511 nipype.interface INFO:
	 /opt/3Tissue/bin/mrinfo -dwgrad -fslgrad /tmp/work/qsiprep_wf/single_subject_CC520585_wf/dwi_preproc_wf/hmc_sdc_wf/split_bvals/_0037sub-CC520585_dwi_LPS_fix.bvec /tmp/work/qsiprep_wf/single_subject_CC520585_wf/dwi_preproc_wf/hmc_sdc_wf/split_bvals/sub-CC520585_dwi_0037.bval /tmp/work/qsiprep_wf/single_subject_CC520585_wf/dwi_preproc_wf/hmc_sdc_wf/split_dwis/vol.0037.nii
230223-16:33:27,543 nipype.interface INFO:
	 /opt/3Tissue/bin/mrinfo -dwgrad -fslgrad /tmp/work/qsiprep_wf/single_subject_CC520585_wf/dwi_preproc_wf/hmc_sdc_wf/split_bvals/_0038sub-CC520585_dwi_LPS_fix.bvec /tmp/work/qsiprep_wf/single_subject_CC520585_wf/dwi_preproc_wf/hmc_sdc_wf/split_bvals/sub-CC520585_dwi_0038.bval /tmp/work/qsiprep_wf/single_subject_CC520585_wf/dwi_preproc_wf/hmc_sdc_wf/split_dwis/vol.0038.nii
230223-16:33:27,570 nipype.interface INFO:
	 /opt/3Tissue/bin/mrinfo -dwgrad -fslgrad /tmp/work/qsiprep_wf/single_subject_CC520585_wf/dwi_preproc_wf/hmc_sdc_wf/split_bvals/_0039sub-CC520585_dwi_LPS_fix.bvec /tmp/work/qsiprep_wf/single_subject_CC520585_wf/dwi_preproc_wf/hmc_sdc_wf/split_bvals/sub-CC520585_dwi_0039.bval /tmp/work/qsiprep_wf/single_subject_CC520585_wf/dwi_preproc_wf/hmc_sdc_wf/split_dwis/vol.0039.nii
230223-16:33:27,597 nipype.interface INFO:
	 /opt/3Tissue/bin/mrinfo -dwgrad -fslgrad /tmp/work/qsiprep_wf/single_subject_CC520585_wf/dwi_preproc_wf/hmc_sdc_wf/split_bvals/_0040sub-CC520585_dwi_LPS_fix.bvec /tmp/work/qsiprep_wf/single_subject_CC520585_wf/dwi_preproc_wf/hmc_sdc_wf/split_bvals/sub-CC520585_dwi_0040.bval /tmp/work/qsiprep_wf/single_subject_CC520585_wf/dwi_preproc_wf/hmc_sdc_wf/split_dwis/vol.0040.nii
230223-16:33:27,618 nipype.interface INFO:
	 /opt/3Tissue/bin/mrinfo -dwgrad -fslgrad /tmp/work/qsiprep_wf/single_subject_CC520585_wf/dwi_preproc_wf/hmc_sdc_wf/split_bvals/_0041sub-CC520585_dwi_LPS_fix.bvec /tmp/work/qsiprep_wf/single_subject_CC520585_wf/dwi_preproc_wf/hmc_sdc_wf/split_bvals/sub-CC520585_dwi_0041.bval /tmp/work/qsiprep_wf/single_subject_CC520585_wf/dwi_preproc_wf/hmc_sdc_wf/split_dwis/vol.0041.nii
230223-16:33:27,639 nipype.interface INFO:
	 /opt/3Tissue/bin/mrinfo -dwgrad -fslgrad /tmp/work/qsiprep_wf/single_subject_CC520585_wf/dwi_preproc_wf/hmc_sdc_wf/split_bvals/_0042sub-CC520585_dwi_LPS_fix.bvec /tmp/work/qsiprep_wf/single_subject_CC520585_wf/dwi_preproc_wf/hmc_sdc_wf/split_bvals/sub-CC520585_dwi_0042.bval /tmp/work/qsiprep_wf/single_subject_CC520585_wf/dwi_preproc_wf/hmc_sdc_wf/split_dwis/vol.0042.nii
230223-16:33:27,660 nipype.interface INFO:
	 /opt/3Tissue/bin/mrinfo -dwgrad -fslgrad /tmp/work/qsiprep_wf/single_subject_CC520585_wf/dwi_preproc_wf/hmc_sdc_wf/split_bvals/_0043sub-CC520585_dwi_LPS_fix.bvec /tmp/work/qsiprep_wf/single_subject_CC520585_wf/dwi_preproc_wf/hmc_sdc_wf/split_bvals/sub-CC520585_dwi_0043.bval /tmp/work/qsiprep_wf/single_subject_CC520585_wf/dwi_preproc_wf/hmc_sdc_wf/split_dwis/vol.0043.nii
230223-16:33:27,687 nipype.interface INFO:
	 /opt/3Tissue/bin/mrinfo -dwgrad -fslgrad /tmp/work/qsiprep_wf/single_subject_CC520585_wf/dwi_preproc_wf/hmc_sdc_wf/split_bvals/_0044sub-CC520585_dwi_LPS_fix.bvec /tmp/work/qsiprep_wf/single_subject_CC520585_wf/dwi_preproc_wf/hmc_sdc_wf/split_bvals/sub-CC520585_dwi_0044.bval /tmp/work/qsiprep_wf/single_subject_CC520585_wf/dwi_preproc_wf/hmc_sdc_wf/split_dwis/vol.0044.nii
230223-16:33:27,714 nipype.interface INFO:
	 /opt/3Tissue/bin/mrinfo -dwgrad -fslgrad /tmp/work/qsiprep_wf/single_subject_CC520585_wf/dwi_preproc_wf/hmc_sdc_wf/split_bvals/_0045sub-CC520585_dwi_LPS_fix.bvec /tmp/work/qsiprep_wf/single_subject_CC520585_wf/dwi_preproc_wf/hmc_sdc_wf/split_bvals/sub-CC520585_dwi_0045.bval /tmp/work/qsiprep_wf/single_subject_CC520585_wf/dwi_preproc_wf/hmc_sdc_wf/split_dwis/vol.0045.nii
230223-16:33:27,741 nipype.interface INFO:
	 /opt/3Tissue/bin/mrinfo -dwgrad -fslgrad /tmp/work/qsiprep_wf/single_subject_CC520585_wf/dwi_preproc_wf/hmc_sdc_wf/split_bvals/_0046sub-CC520585_dwi_LPS_fix.bvec /tmp/work/qsiprep_wf/single_subject_CC520585_wf/dwi_preproc_wf/hmc_sdc_wf/split_bvals/sub-CC520585_dwi_0046.bval /tmp/work/qsiprep_wf/single_subject_CC520585_wf/dwi_preproc_wf/hmc_sdc_wf/split_dwis/vol.0046.nii
230223-16:33:27,767 nipype.interface INFO:
	 /opt/3Tissue/bin/mrinfo -dwgrad -fslgrad /tmp/work/qsiprep_wf/single_subject_CC520585_wf/dwi_preproc_wf/hmc_sdc_wf/split_bvals/_0047sub-CC520585_dwi_LPS_fix.bvec /tmp/work/qsiprep_wf/single_subject_CC520585_wf/dwi_preproc_wf/hmc_sdc_wf/split_bvals/sub-CC520585_dwi_0047.bval /tmp/work/qsiprep_wf/single_subject_CC520585_wf/dwi_preproc_wf/hmc_sdc_wf/split_dwis/vol.0047.nii
230223-16:33:27,793 nipype.interface INFO:
	 /opt/3Tissue/bin/mrinfo -dwgrad -fslgrad /tmp/work/qsiprep_wf/single_subject_CC520585_wf/dwi_preproc_wf/hmc_sdc_wf/split_bvals/_0048sub-CC520585_dwi_LPS_fix.bvec /tmp/work/qsiprep_wf/single_subject_CC520585_wf/dwi_preproc_wf/hmc_sdc_wf/split_bvals/sub-CC520585_dwi_0048.bval /tmp/work/qsiprep_wf/single_subject_CC520585_wf/dwi_preproc_wf/hmc_sdc_wf/split_dwis/vol.0048.nii
230223-16:33:27,819 nipype.interface INFO:
	 /opt/3Tissue/bin/mrinfo -dwgrad -fslgrad /tmp/work/qsiprep_wf/single_subject_CC520585_wf/dwi_preproc_wf/hmc_sdc_wf/split_bvals/_0049sub-CC520585_dwi_LPS_fix.bvec /tmp/work/qsiprep_wf/single_subject_CC520585_wf/dwi_preproc_wf/hmc_sdc_wf/split_bvals/sub-CC520585_dwi_0049.bval /tmp/work/qsiprep_wf/single_subject_CC520585_wf/dwi_preproc_wf/hmc_sdc_wf/split_dwis/vol.0049.nii
230223-16:33:27,845 nipype.interface INFO:
	 /opt/3Tissue/bin/mrinfo -dwgrad -fslgrad /tmp/work/qsiprep_wf/single_subject_CC520585_wf/dwi_preproc_wf/hmc_sdc_wf/split_bvals/_0050sub-CC520585_dwi_LPS_fix.bvec /tmp/work/qsiprep_wf/single_subject_CC520585_wf/dwi_preproc_wf/hmc_sdc_wf/split_bvals/sub-CC520585_dwi_0050.bval /tmp/work/qsiprep_wf/single_subject_CC520585_wf/dwi_preproc_wf/hmc_sdc_wf/split_dwis/vol.0050.nii
230223-16:33:27,871 nipype.interface INFO:
	 /opt/3Tissue/bin/mrinfo -dwgrad -fslgrad /tmp/work/qsiprep_wf/single_subject_CC520585_wf/dwi_preproc_wf/hmc_sdc_wf/split_bvals/_0051sub-CC520585_dwi_LPS_fix.bvec /tmp/work/qsiprep_wf/single_subject_CC520585_wf/dwi_preproc_wf/hmc_sdc_wf/split_bvals/sub-CC520585_dwi_0051.bval /tmp/work/qsiprep_wf/single_subject_CC520585_wf/dwi_preproc_wf/hmc_sdc_wf/split_dwis/vol.0051.nii
230223-16:33:27,898 nipype.interface INFO:
	 /opt/3Tissue/bin/mrinfo -dwgrad -fslgrad /tmp/work/qsiprep_wf/single_subject_CC520585_wf/dwi_preproc_wf/hmc_sdc_wf/split_bvals/_0052sub-CC520585_dwi_LPS_fix.bvec /tmp/work/qsiprep_wf/single_subject_CC520585_wf/dwi_preproc_wf/hmc_sdc_wf/split_bvals/sub-CC520585_dwi_0052.bval /tmp/work/qsiprep_wf/single_subject_CC520585_wf/dwi_preproc_wf/hmc_sdc_wf/split_dwis/vol.0052.nii
230223-16:33:27,925 nipype.interface INFO:
	 /opt/3Tissue/bin/mrinfo -dwgrad -fslgrad /tmp/work/qsiprep_wf/single_subject_CC520585_wf/dwi_preproc_wf/hmc_sdc_wf/split_bvals/_0053sub-CC520585_dwi_LPS_fix.bvec /tmp/work/qsiprep_wf/single_subject_CC520585_wf/dwi_preproc_wf/hmc_sdc_wf/split_bvals/sub-CC520585_dwi_0053.bval /tmp/work/qsiprep_wf/single_subject_CC520585_wf/dwi_preproc_wf/hmc_sdc_wf/split_dwis/vol.0053.nii
230223-16:33:27,951 nipype.interface INFO:
	 /opt/3Tissue/bin/mrinfo -dwgrad -fslgrad /tmp/work/qsiprep_wf/single_subject_CC520585_wf/dwi_preproc_wf/hmc_sdc_wf/split_bvals/_0054sub-CC520585_dwi_LPS_fix.bvec /tmp/work/qsiprep_wf/single_subject_CC520585_wf/dwi_preproc_wf/hmc_sdc_wf/split_bvals/sub-CC520585_dwi_0054.bval /tmp/work/qsiprep_wf/single_subject_CC520585_wf/dwi_preproc_wf/hmc_sdc_wf/split_dwis/vol.0054.nii
230223-16:33:27,977 nipype.interface INFO:
	 /opt/3Tissue/bin/mrinfo -dwgrad -fslgrad /tmp/work/qsiprep_wf/single_subject_CC520585_wf/dwi_preproc_wf/hmc_sdc_wf/split_bvals/_0055sub-CC520585_dwi_LPS_fix.bvec /tmp/work/qsiprep_wf/single_subject_CC520585_wf/dwi_preproc_wf/hmc_sdc_wf/split_bvals/sub-CC520585_dwi_0055.bval /tmp/work/qsiprep_wf/single_subject_CC520585_wf/dwi_preproc_wf/hmc_sdc_wf/split_dwis/vol.0055.nii
230223-16:33:28,4 nipype.interface INFO:
	 /opt/3Tissue/bin/mrinfo -dwgrad -fslgrad /tmp/work/qsiprep_wf/single_subject_CC520585_wf/dwi_preproc_wf/hmc_sdc_wf/split_bvals/_0056sub-CC520585_dwi_LPS_fix.bvec /tmp/work/qsiprep_wf/single_subject_CC520585_wf/dwi_preproc_wf/hmc_sdc_wf/split_bvals/sub-CC520585_dwi_0056.bval /tmp/work/qsiprep_wf/single_subject_CC520585_wf/dwi_preproc_wf/hmc_sdc_wf/split_dwis/vol.0056.nii
230223-16:33:28,30 nipype.interface INFO:
	 /opt/3Tissue/bin/mrinfo -dwgrad -fslgrad /tmp/work/qsiprep_wf/single_subject_CC520585_wf/dwi_preproc_wf/hmc_sdc_wf/split_bvals/_0057sub-CC520585_dwi_LPS_fix.bvec /tmp/work/qsiprep_wf/single_subject_CC520585_wf/dwi_preproc_wf/hmc_sdc_wf/split_bvals/sub-CC520585_dwi_0057.bval /tmp/work/qsiprep_wf/single_subject_CC520585_wf/dwi_preproc_wf/hmc_sdc_wf/split_dwis/vol.0057.nii
230223-16:33:28,58 nipype.interface INFO:
	 /opt/3Tissue/bin/mrinfo -dwgrad -fslgrad /tmp/work/qsiprep_wf/single_subject_CC520585_wf/dwi_preproc_wf/hmc_sdc_wf/split_bvals/_0058sub-CC520585_dwi_LPS_fix.bvec /tmp/work/qsiprep_wf/single_subject_CC520585_wf/dwi_preproc_wf/hmc_sdc_wf/split_bvals/sub-CC520585_dwi_0058.bval /tmp/work/qsiprep_wf/single_subject_CC520585_wf/dwi_preproc_wf/hmc_sdc_wf/split_dwis/vol.0058.nii
230223-16:33:28,85 nipype.interface INFO:
	 /opt/3Tissue/bin/mrinfo -dwgrad -fslgrad /tmp/work/qsiprep_wf/single_subject_CC520585_wf/dwi_preproc_wf/hmc_sdc_wf/split_bvals/_0059sub-CC520585_dwi_LPS_fix.bvec /tmp/work/qsiprep_wf/single_subject_CC520585_wf/dwi_preproc_wf/hmc_sdc_wf/split_bvals/sub-CC520585_dwi_0059.bval /tmp/work/qsiprep_wf/single_subject_CC520585_wf/dwi_preproc_wf/hmc_sdc_wf/split_dwis/vol.0059.nii
230223-16:33:28,112 nipype.interface INFO:
	 /opt/3Tissue/bin/mrinfo -dwgrad -fslgrad /tmp/work/qsiprep_wf/single_subject_CC520585_wf/dwi_preproc_wf/hmc_sdc_wf/split_bvals/_0060sub-CC520585_dwi_LPS_fix.bvec /tmp/work/qsiprep_wf/single_subject_CC520585_wf/dwi_preproc_wf/hmc_sdc_wf/split_bvals/sub-CC520585_dwi_0060.bval /tmp/work/qsiprep_wf/single_subject_CC520585_wf/dwi_preproc_wf/hmc_sdc_wf/split_dwis/vol.0060.nii
230223-16:33:28,138 nipype.interface INFO:
	 /opt/3Tissue/bin/mrinfo -dwgrad -fslgrad /tmp/work/qsiprep_wf/single_subject_CC520585_wf/dwi_preproc_wf/hmc_sdc_wf/split_bvals/_0061sub-CC520585_dwi_LPS_fix.bvec /tmp/work/qsiprep_wf/single_subject_CC520585_wf/dwi_preproc_wf/hmc_sdc_wf/split_bvals/sub-CC520585_dwi_0061.bval /tmp/work/qsiprep_wf/single_subject_CC520585_wf/dwi_preproc_wf/hmc_sdc_wf/split_dwis/vol.0061.nii
230223-16:33:28,165 nipype.interface INFO:
	 /opt/3Tissue/bin/mrinfo -dwgrad -fslgrad /tmp/work/qsiprep_wf/single_subject_CC520585_wf/dwi_preproc_wf/hmc_sdc_wf/split_bvals/_0062sub-CC520585_dwi_LPS_fix.bvec /tmp/work/qsiprep_wf/single_subject_CC520585_wf/dwi_preproc_wf/hmc_sdc_wf/split_bvals/sub-CC520585_dwi_0062.bval /tmp/work/qsiprep_wf/single_subject_CC520585_wf/dwi_preproc_wf/hmc_sdc_wf/split_dwis/vol.0062.nii
230223-16:33:28,171 nipype.workflow INFO:
	 [Node] Finished "split_bvals", elapsed time 1.637478s.
230223-16:33:28,537 nipype.workflow INFO:
	 [Node] Finished "raw_src", elapsed time 10.004477s.
230223-16:33:28,543 nipype.workflow INFO:
	 [Node] Setting-up "qsiprep_wf.single_subject_CC520585_wf.dwi_preproc_wf.hmc_sdc_wf.dwi_hmc_wf.b0_hmc_wf.initial_template" in "/tmp/work/qsiprep_wf/single_subject_CC520585_wf/dwi_preproc_wf/hmc_sdc_wf/dwi_hmc_wf/b0_hmc_wf/initial_template".
230223-16:33:28,552 nipype.workflow INFO:
	 [Node] Executing "initial_template" <nipype.interfaces.ants.utils.AverageImages>
230223-16:33:28,847 nipype.workflow INFO:
	 [Node] Finished "initial_template", elapsed time 0.294216s.
230223-16:33:30,542 nipype.workflow INFO:
	 [Node] Setting-up "qsiprep_wf.single_subject_CC520585_wf.anat_preproc_wf.t1_2_mni" in "/tmp/work/qsiprep_wf/single_subject_CC520585_wf/anat_preproc_wf/t1_2_mni".
230223-16:33:30,545 nipype.workflow INFO:
	 [Node] Executing "t1_2_mni" <qsiprep.niworkflows.interfaces.registration.RobustMNINormalizationRPT>
230223-17:52:54,824 nipype.workflow INFO:
	 [Node] Finished "t1_2_mni", elapsed time 4764.27809s.
230223-17:52:55,652 nipype.workflow INFO:
	 [Node] Setting-up "qsiprep_wf.single_subject_CC520585_wf.anat_preproc_wf.mni_mask" in "/tmp/work/qsiprep_wf/single_subject_CC520585_wf/anat_preproc_wf/mni_mask".
230223-17:52:55,656 nipype.workflow INFO:
	 [Node] Executing "mni_mask" <qsiprep.niworkflows.interfaces.fixes.FixHeaderApplyTransforms>
230223-17:52:56,563 nipype.workflow INFO:
	 [Node] Setting-up "qsiprep_wf.single_subject_CC520585_wf.dwi_preproc_wf.pre_hmc_wf.merge_and_denoise_wf.dwi_qc_wf.raw_src_qc" in "/tmp/work/qsiprep_wf/single_subject_CC520585_wf/dwi_preproc_wf/pre_hmc_wf/merge_and_denoise_wf/dwi_qc_wf/raw_src_qc".
230223-17:52:56,566 nipype.workflow INFO:
	 [Node] Executing "raw_src_qc" <qsiprep.interfaces.dsi_studio.DSIStudioSrcQC>
230223-17:52:57,543 nipype.interface INFO:
	 DSI Studio Feb 22 2022, Fang-Cheng Yeh
source=/tmp/work/qsiprep_wf/single_subject_CC520585_wf/dwi_preproc_wf/pre_hmc_wf/merge_and_denoise_wf/dwi_qc_wf/raw_src_qc/sub-CC520585_dwi_LPS_merged.src.gz
action=qc
checking /tmp/work/qsiprep_wf/single_subject_CC520585_wf/dwi_preproc_wf/pre_hmc_wf/merge_and_denoise_wf/dwi_qc_wf/raw_src_qc/sub-CC520585_dwi_LPS_merged.src.gz

230223-17:52:57,544 nipype.workflow INFO:
	 [Node] Finished "raw_src_qc", elapsed time 0.977042s.
230223-17:52:59,630 nipype.workflow INFO:
	 [Node] Setting-up "qsiprep_wf.single_subject_CC520585_wf.dwi_preproc_wf.pre_hmc_wf.merge_and_denoise_wf.dwi_qc_wf.raw_gqi" in "/tmp/work/qsiprep_wf/single_subject_CC520585_wf/dwi_preproc_wf/pre_hmc_wf/merge_and_denoise_wf/dwi_qc_wf/raw_gqi".
230223-17:52:59,632 nipype.workflow INFO:
	 [Node] Executing "raw_gqi" <qsiprep.interfaces.dsi_studio.DSIStudioGQIReconstruction>
current dir /tmp/work/qsiprep_wf/single_subject_CC520585_wf/dwi_preproc_wf/pre_hmc_wf/merge_and_denoise_wf/dwi_qc_wf/raw_gqi
input src /tmp/work/qsiprep_wf/single_subject_CC520585_wf/dwi_preproc_wf/pre_hmc_wf/merge_and_denoise_wf/dwi_qc_wf/raw_gqi/sub-CC520585_dwi_LPS_merged.src.gz
split src name sub-CC520585_dwi_LPS_merged.src.gz
search target /tmp/work/qsiprep_wf/single_subject_CC520585_wf/dwi_preproc_wf/pre_hmc_wf/merge_and_denoise_wf/dwi_qc_wf/raw_gqi/sub-CC520585_dwi_LPS_merged.src.gz*gqi*.fib.gz
230223-17:53:34,680 nipype.workflow INFO:
	 [Node] Finished "raw_gqi", elapsed time 35.047111s.
230223-17:53:35,654 nipype.workflow INFO:
	 [Node] Setting-up "qsiprep_wf.single_subject_CC520585_wf.dwi_preproc_wf.pre_hmc_wf.merge_and_denoise_wf.dwi_qc_wf.raw_fib_qc" in "/tmp/work/qsiprep_wf/single_subject_CC520585_wf/dwi_preproc_wf/pre_hmc_wf/merge_and_denoise_wf/dwi_qc_wf/raw_fib_qc".
230223-17:53:35,657 nipype.workflow INFO:
	 [Node] Executing "raw_fib_qc" <qsiprep.interfaces.dsi_studio.DSIStudioFibQC>
230223-17:53:37,225 nipype.interface INFO:
	 DSI Studio Feb 22 2022, Fang-Cheng Yeh
source=/tmp/work/qsiprep_wf/single_subject_CC520585_wf/dwi_preproc_wf/pre_hmc_wf/merge_and_denoise_wf/dwi_qc_wf/raw_fib_qc/sub-CC520585_dwi_LPS_merged.src.gz.odf.gqi.1.25.fib.gz
action=qc
loading /tmp/work/qsiprep_wf/single_subject_CC520585_wf/dwi_preproc_wf/pre_hmc_wf/merge_and_denoise_wf/dwi_qc_wf/raw_fib_qc/sub-CC520585_dwi_LPS_merged.src.gz.odf.gqi.1.25.fib.gz...

230223-17:53:37,227 nipype.workflow INFO:
	 [Node] Finished "raw_fib_qc", elapsed time 1.568985s.
230223-17:53:37,654 nipype.workflow INFO:
	 [Node] Setting-up "qsiprep_wf.single_subject_CC520585_wf.dwi_preproc_wf.pre_hmc_wf.merge_and_denoise_wf.dwi_qc_wf.merged_qc" in "/tmp/work/qsiprep_wf/single_subject_CC520585_wf/dwi_preproc_wf/pre_hmc_wf/merge_and_denoise_wf/dwi_qc_wf/merged_qc".
230223-17:53:37,657 nipype.workflow INFO:
	 [Node] Executing "merged_qc" <qsiprep.interfaces.dsi_studio.DSIStudioMergeQC>
230223-17:53:37,660 nipype.workflow INFO:
	 [Node] Finished "merged_qc", elapsed time 0.002571s.
230223-17:53:39,658 nipype.workflow INFO:
	 [Node] Setting-up "_reg_0000" in "/tmp/work/qsiprep_wf/single_subject_CC520585_wf/dwi_preproc_wf/hmc_sdc_wf/dwi_hmc_wf/b0_hmc_wf/iterative_alignment_000/reg_000/mapflow/_reg_0000".
230223-17:53:39,661 nipype.workflow INFO:
	 [Node] Executing "_reg_0000" <nipype.interfaces.ants.registration.Registration>
230223-17:53:51,712 nipype.workflow INFO:
	 [Node] Finished "_reg_0000", elapsed time 12.04943s.
230223-17:53:53,683 nipype.workflow INFO:
	 [Node] Setting-up "_reg_0001" in "/tmp/work/qsiprep_wf/single_subject_CC520585_wf/dwi_preproc_wf/hmc_sdc_wf/dwi_hmc_wf/b0_hmc_wf/iterative_alignment_000/reg_000/mapflow/_reg_0001".
230223-17:53:53,688 nipype.workflow INFO:
	 [Node] Executing "_reg_0001" <nipype.interfaces.ants.registration.Registration>
230223-17:54:07,759 nipype.workflow INFO:
	 [Node] Finished "_reg_0001", elapsed time 14.069972s.
230223-17:54:09,686 nipype.workflow INFO:
	 [Node] Setting-up "_reg_0002" in "/tmp/work/qsiprep_wf/single_subject_CC520585_wf/dwi_preproc_wf/hmc_sdc_wf/dwi_hmc_wf/b0_hmc_wf/iterative_alignment_000/reg_000/mapflow/_reg_0002".
230223-17:54:09,690 nipype.workflow INFO:
	 [Node] Executing "_reg_0002" <nipype.interfaces.ants.registration.Registration>
230223-17:54:12,211 nipype.workflow INFO:
	 [Node] Finished "mni_mask", elapsed time 76.554155s.
230223-17:54:24,875 nipype.workflow INFO:
	 [Node] Finished "_reg_0002", elapsed time 15.18229s.
230223-17:54:25,912 nipype.workflow INFO:
	 [Node] Setting-up "qsiprep_wf.single_subject_CC520585_wf.dwi_preproc_wf.pre_hmc_wf.dwi_qc_wf.raw_src" in "/tmp/work/qsiprep_wf/single_subject_CC520585_wf/dwi_preproc_wf/pre_hmc_wf/dwi_qc_wf/raw_src".
230223-17:54:25,916 nipype.workflow INFO:
	 [Node] Executing "raw_src" <qsiprep.interfaces.dsi_studio.DSIStudioCreateSrc>
230223-17:54:34,933 nipype.workflow INFO:
	 [Node] Finished "raw_src", elapsed time 9.015289s.
230223-17:54:35,815 nipype.workflow INFO:
	 [Node] Setting-up "qsiprep_wf.single_subject_CC520585_wf.dwi_preproc_wf.pre_hmc_wf.dwi_qc_wf.raw_src_qc" in "/tmp/work/qsiprep_wf/single_subject_CC520585_wf/dwi_preproc_wf/pre_hmc_wf/dwi_qc_wf/raw_src_qc".
230223-17:54:35,817 nipype.workflow INFO:
	 [Node] Executing "raw_src_qc" <qsiprep.interfaces.dsi_studio.DSIStudioSrcQC>
230223-17:54:36,778 nipype.interface INFO:
	 DSI Studio Feb 22 2022, Fang-Cheng Yeh
source=/tmp/work/qsiprep_wf/single_subject_CC520585_wf/dwi_preproc_wf/pre_hmc_wf/dwi_qc_wf/raw_src_qc/sub-CC520585_dwi_LPS_merged.src.gz
action=qc
checking /tmp/work/qsiprep_wf/single_subject_CC520585_wf/dwi_preproc_wf/pre_hmc_wf/dwi_qc_wf/raw_src_qc/sub-CC520585_dwi_LPS_merged.src.gz

230223-17:54:36,780 nipype.workflow INFO:
	 [Node] Finished "raw_src_qc", elapsed time 0.961772s.
230223-17:54:37,836 nipype.workflow INFO:
	 [Node] Setting-up "qsiprep_wf.single_subject_CC520585_wf.dwi_preproc_wf.pre_hmc_wf.dwi_qc_wf.raw_gqi" in "/tmp/work/qsiprep_wf/single_subject_CC520585_wf/dwi_preproc_wf/pre_hmc_wf/dwi_qc_wf/raw_gqi".
230223-17:54:37,840 nipype.workflow INFO:
	 [Node] Executing "raw_gqi" <qsiprep.interfaces.dsi_studio.DSIStudioGQIReconstruction>
